ashu@Ashutoshs-MacBook-Air Assignment2_MapReduce % hadoop jar build/libs/Assignment2_MapReduce-1.0.jar org/example/Main /user/ashu/acsp/input/Input2.txt /user/ashu/acsp/output11
2022-09-30 16:46:02,230 WARN util.NativeCodeLoader: Unable to load native-hadoop library for your platform... using builtin-java classes where applicable
2022-09-30 16:46:02,552 INFO client.DefaultNoHARMFailoverProxyProvider: Connecting to ResourceManager at /127.0.0.1:8032
2022-09-30 16:46:02,647 INFO client.DefaultNoHARMFailoverProxyProvider: Connecting to ResourceManager at /127.0.0.1:8032
2022-09-30 16:46:02,949 WARN mapreduce.JobResourceUploader: Hadoop command-line option parsing not performed. Implement the Tool interface and execute your application with ToolRunner to remedy this.
2022-09-30 16:46:02,996 INFO mapreduce.JobResourceUploader: Disabling Erasure Coding for path: /tmp/hadoop-yarn/staging/ashu/.staging/job_1664536187101_0002
2022-09-30 16:46:03,228 INFO mapred.FileInputFormat: Total input files to process : 1
2022-09-30 16:46:03,895 INFO mapreduce.JobSubmitter: number of splits:17
2022-09-30 16:46:04,094 INFO mapreduce.JobSubmitter: Submitting tokens for job: job_1664536187101_0002
2022-09-30 16:46:04,094 INFO mapreduce.JobSubmitter: Executing with tokens: []
2022-09-30 16:46:04,185 INFO conf.Configuration: resource-types.xml not found
2022-09-30 16:46:04,185 INFO resource.ResourceUtils: Unable to find 'resource-types.xml'.
2022-09-30 16:46:04,487 INFO impl.YarnClientImpl: Submitted application application_1664536187101_0002
2022-09-30 16:46:04,508 INFO mapreduce.Job: The url to track the job: http://localhost:8088/proxy/application_1664536187101_0002/
2022-09-30 16:46:04,509 INFO mapreduce.Job: Running job: job_1664536187101_0002
2022-09-30 16:46:09,626 INFO mapreduce.Job: Job job_1664536187101_0002 running in uber mode : false
2022-09-30 16:46:09,628 INFO mapreduce.Job:  map 0% reduce 0%
2022-09-30 16:46:16,818 INFO mapreduce.Job:  map 35% reduce 0%
2022-09-30 16:46:22,898 INFO mapreduce.Job:  map 71% reduce 0%
2022-09-30 16:46:27,941 INFO mapreduce.Job:  map 88% reduce 0%
2022-09-30 16:46:28,950 INFO mapreduce.Job:  map 100% reduce 0%
2022-09-30 16:46:30,965 INFO mapreduce.Job:  map 100% reduce 100%
2022-09-30 16:46:32,998 INFO mapreduce.Job: Job job_1664536187101_0002 completed successfully
2022-09-30 16:46:33,104 INFO mapreduce.Job: Counters: 51
	File System Counters
		FILE: Number of bytes read=100000006
		FILE: Number of bytes written=204962048
		FILE: Number of read operations=0
		FILE: Number of large read operations=0
		FILE: Number of write operations=0
		HDFS: Number of bytes read=1098637674
		HDFS: Number of bytes written=63
		HDFS: Number of read operations=56
		HDFS: Number of large read operations=0
		HDFS: Number of write operations=2
		HDFS: Number of bytes read erasure-coded=0
	Job Counters 
		Killed map tasks=1
		Launched map tasks=17
		Launched reduce tasks=1
		Data-local map tasks=17
		Total time spent by all maps in occupied slots (ms)=86103
		Total time spent by all reduces in occupied slots (ms)=7648
		Total time spent by all map tasks (ms)=86103
		Total time spent by all reduce tasks (ms)=7648
		Total vcore-milliseconds taken by all map tasks=86103
		Total vcore-milliseconds taken by all reduce tasks=7648
		Total megabyte-milliseconds taken by all map tasks=88169472
		Total megabyte-milliseconds taken by all reduce tasks=7831552
	Map-Reduce Framework
		Map input records=10000000
		Map output records=10000000
		Map output bytes=80000000
		Map output materialized bytes=100000102
		Input split bytes=1785
		Combine input records=0
		Combine output records=0
		Reduce input groups=5
		Reduce shuffle bytes=100000102
		Reduce input records=10000000
		Reduce output records=5
		Spilled Records=20000000
		Shuffled Maps =17
		Failed Shuffles=0
		Merged Map outputs=17
		GC time elapsed (ms)=2890
		CPU time spent (ms)=0
		Physical memory (bytes) snapshot=0
		Virtual memory (bytes) snapshot=0
		Total committed heap usage (bytes)=5481955328
	Shuffle Errors
		BAD_ID=0
		CONNECTION=0
		IO_ERROR=0
		WRONG_LENGTH=0
		WRONG_MAP=0
		WRONG_REDUCE=0
	File Input Format Counters 
		Bytes Read=1098635889
	File Output Format Counters 
		Bytes Written=63